Accuracy@1: 1.000
Accuracy@3: 1.000
Selective policy example: {'coverage': 1.0, 'accuracy': 1.0, 'n_auto': 3}

persistent aching muscle pain in my thighs
 -> M1 | Myalgia muscle pain aching muscles | confidence=0.693

I feel nauseated after taking the tablets
 -> G1 | Nausea feeling sick nauseated | confidence=0.740

a new red itchy eruption appeared
 -> R1 | Rash skin eruption red itchy rash | confidence=0.475
{
  "prediction": {
    "code": "DEMO-M1",
    "term": "Myalgia",
    "confidence": 0.5998390620687064
  },
  "why": "The proposed DEMO-MEDDRA code DEMO-M1 (Myalgia) is grounded in the record text \u201csevere muscle pain\u201d. The highlighted wording overlaps the terminology expression(s): muscle pain. A similar historical expert-coded example with the same code was also retrieved as supporting provenance.",
  "evidence": [
    "severe muscle pain"
  ],
  "knowledge_source": "synthetic-demo",
  "metrics": {
    "n": 1,
    "grounded_rate": 1.0,
    "verbatim_evidence_rate": 1.0,
    "mean_sufficiency_gap": 0.0,
    "mean_comprehensiveness_drop": 0.7026036064713568
  },
  "html": "/tmp/medcode_explainable_demo/explanations.html"
}
{
  "n_notes": 2.0,
  "precision_at_5": 0.5,
  "recall_at_5": 1.0,
  "precision_at_10": 0.5,
  "recall_at_10": 1.0,
  "precision_at_20": 0.5,
  "recall_at_20": 1.0,
  "selective_threshold": 0.5555707375400218,
  "selective_micro_precision": 1.0,
  "selective_micro_recall": 0.5,
  "selective_micro_f1": 0.6666666666666666,
  "selective_macro_f1": 0.6666666666666666,
  "selective_exact_match": 0.0,
  "selective_n_code_proposals": 2,
  "selective_mean_code_proposals_per_note": 1.0,
  "selected_history_weight": 0.0,
  "selected_code_proposal_threshold": 0.5555707375400218,
  "target_code_proposal_precision": 0.8,
  "terminology_only_recall_at_10": 1.0,
  "historical_memory_recall_at_10_delta": 0.0,
  "results_status": "synthetic_smoke_test",
  "results_reportable": false,
  "task_type": "multilabel_document_coding",
  "policy_unit": "individual_code_proposal",
  "full_note_automation_claim_allowed": false,
  "batch_size": 64
}
